# JRE version: OpenJDK Runtime Environment (17.0.11) (build 17.0.11+0--11852314)
# Java VM: OpenJDK 64-Bit Server VM (17.0.11+0--11852314, mixed mode, tiered, compressed oops, compressed class ptrs, g1 gc, windows-amd64)
GC Precious Log:
 CPUs: 16 total, 16 available
 Memory: 15667M
 Large Page Support: Disabled
 NUMA Support: Disabled
 Compressed Oops: Enabled (Zero based)
 Heap Region Size: 2M
 Heap Min Capacity: 8M
 Heap Initial Capacity: 246M
 Heap Max Capacity: 3918M
 Pre-touch: Disabled
 Parallel Workers: 13
 Concurrent Workers: 3
 Concurrent Refinement Workers: 13
 Periodic GC: Disabled
Heap:
 garbage-first heap   total 147456K, used 86490K [0x000000070b200000, 0x0000000800000000)
  region size 2048K, 2 young (4096K), 1 survivors (2048K)
 Metaspace       used 87465K, committed 87808K, reserved 1179648K
  class space    used 9365K, committed 9536K, reserved 1048576K
GC Heap History (20 events):
Event: 4.422 GC heap before
{Heap before GC invocations=21 (full 0):
 garbage-first heap   total 114688K, used 86767K [0x000000070b200000, 0x0000000800000000)
  region size 2048K, 18 young (36864K), 3 survivors (6144K)
 Metaspace       used 62303K, committed 62592K, reserved 1114112K
  class space    used 6964K, committed 7104K, reserved 1048576K
}
Event: 4.434 GC heap after
{Heap after GC invocations=22 (full 0):
 garbage-first heap   total 114688K, used 60514K [0x000000070b200000, 0x0000000800000000)
  region size 2048K, 3 young (6144K), 3 survivors (6144K)
 Metaspace       used 62303K, committed 62592K, reserved 1114112K
  class space    used 6964K, committed 7104K, reserved 1048576K
}
Event: 4.772 GC heap before
{Heap before GC invocations=23 (full 0):
 garbage-first heap   total 116736K, used 87138K [0x000000070b200000, 0x0000000800000000)
  region size 2048K, 16 young (32768K), 3 survivors (6144K)
 Metaspace       used 62668K, committed 62976K, reserved 1114112K
  class space    used 6999K, committed 7168K, reserved 1048576K
}
Event: 4.779 GC heap after
{Heap after GC invocations=24 (full 0):
 garbage-first heap   total 116736K, used 64045K [0x000000070b200000, 0x0000000800000000)
  region size 2048K, 2 young (4096K), 2 survivors (4096K)
 Metaspace       used 62668K, committed 62976K, reserved 1114112K
  class space    used 6999K, committed 7168K, reserved 1048576K
}
Event: 4.793 GC heap before
{Heap before GC invocations=24 (full 0):
 garbage-first heap   total 116736K, used 64045K [0x000000070b200000, 0x0000000800000000)
  region size 2048K, 3 young (6144K), 2 survivors (4096K)
 Metaspace       used 62699K, committed 62976K, reserved 1114112K
  class space    used 6999K, committed 7168K, reserved 1048576K
}
Event: 4.796 GC heap after
{Heap after GC invocations=25 (full 0):
 garbage-first heap   total 116736K, used 64348K [0x000000070b200000, 0x0000000800000000)
  region size 2048K, 1 young (2048K), 1 survivors (2048K)
 Metaspace       used 62699K, committed 62976K, reserved 1114112K
  class space    used 6999K, committed 7168K, reserved 1048576K
}
Event: 5.157 GC heap before
{Heap before GC invocations=26 (full 0):
 garbage-first heap   total 120832K, used 93020K [0x000000070b200000, 0x0000000800000000)
  region size 2048K, 14 young (28672K), 1 survivors (2048K)
 Metaspace       used 65078K, committed 65344K, reserved 1114112K
  class space    used 7191K, committed 7360K, reserved 1048576K
}
Event: 5.160 GC heap after
{Heap after GC invocations=27 (full 0):
 garbage-first heap   total 120832K, used 66832K [0x000000070b200000, 0x0000000800000000)
  region size 2048K, 1 young (2048K), 1 survivors (2048K)
 Metaspace       used 65078K, committed 65344K, reserved 1114112K
  class space    used 7191K, committed 7360K, reserved 1048576K
}
Event: 5.404 GC heap before
{Heap before GC invocations=27 (full 0):
 garbage-first heap   total 120832K, used 93456K [0x000000070b200000, 0x0000000800000000)
  region size 2048K, 15 young (30720K), 1 survivors (2048K)
 Metaspace       used 70100K, committed 70400K, reserved 1114112K
  class space    used 7684K, committed 7872K, reserved 1048576K
}
Event: 5.409 GC heap after
{Heap after GC invocations=28 (full 0):
 garbage-first heap   total 120832K, used 69379K [0x000000070b200000, 0x0000000800000000)
  region size 2048K, 2 young (4096K), 2 survivors (4096K)
 Metaspace       used 70100K, committed 70400K, reserved 1114112K
  class space    used 7684K, committed 7872K, reserved 1048576K
}
Event: 5.786 GC heap before
{Heap before GC invocations=29 (full 0):
 garbage-first heap   total 122880K, used 96003K [0x000000070b200000, 0x0000000800000000)
  region size 2048K, 15 young (30720K), 2 survivors (4096K)
 Metaspace       used 72949K, committed 73280K, reserved 1114112K
  class space    used 8003K, committed 8192K, reserved 1048576K
}
Event: 5.795 GC heap after
{Heap after GC invocations=30 (full 0):
 garbage-first heap   total 122880K, used 72809K [0x000000070b200000, 0x0000000800000000)
  region size 2048K, 2 young (4096K), 2 survivors (4096K)
 Metaspace       used 72949K, committed 73280K, reserved 1114112K
  class space    used 8003K, committed 8192K, reserved 1048576K
}
Event: 6.054 GC heap before
{Heap before GC invocations=30 (full 0):
 garbage-first heap   total 122880K, used 99433K [0x000000070b200000, 0x0000000800000000)
  region size 2048K, 15 young (30720K), 2 survivors (4096K)
 Metaspace       used 73713K, committed 74048K, reserved 1179648K
  class space    used 8054K, committed 8192K, reserved 1048576K
}
Event: 6.066 GC heap after
{Heap after GC invocations=31 (full 0):
 garbage-first heap   total 147456K, used 78426K [0x000000070b200000, 0x0000000800000000)
  region size 2048K, 2 young (4096K), 2 survivors (4096K)
 Metaspace       used 73713K, committed 74048K, reserved 1179648K
  class space    used 8054K, committed 8192K, reserved 1048576K
}
Event: 6.448 GC heap before
{Heap before GC invocations=32 (full 0):
 garbage-first heap   total 147456K, used 113242K [0x000000070b200000, 0x0000000800000000)
  region size 2048K, 19 young (38912K), 2 survivors (4096K)
 Metaspace       used 79412K, committed 79808K, reserved 1179648K
  class space    used 8651K, committed 8832K, reserved 1048576K
}
Event: 6.454 GC heap after
{Heap after GC invocations=33 (full 0):
 garbage-first heap   total 147456K, used 82120K [0x000000070b200000, 0x0000000800000000)
  region size 2048K, 2 young (4096K), 2 survivors (4096K)
 Metaspace       used 79412K, committed 79808K, reserved 1179648K
  class space    used 8651K, committed 8832K, reserved 1048576K
}
Event: 6.687 GC heap before
{Heap before GC invocations=33 (full 0):
 garbage-first heap   total 147456K, used 112840K [0x000000070b200000, 0x0000000800000000)
  region size 2048K, 18 young (36864K), 2 survivors (4096K)
 Metaspace       used 82692K, committed 83072K, reserved 1179648K
  class space    used 8954K, committed 9152K, reserved 1048576K
}
Event: 6.693 GC heap after
{Heap after GC invocations=34 (full 0):
 garbage-first heap   total 147456K, used 84705K [0x000000070b200000, 0x0000000800000000)
  region size 2048K, 3 young (6144K), 3 survivors (6144K)
 Metaspace       used 82692K, committed 83072K, reserved 1179648K
  class space    used 8954K, committed 9152K, reserved 1048576K
}
Event: 7.081 GC heap before
{Heap before GC invocations=35 (full 0):
 garbage-first heap   total 147456K, used 111329K [0x000000070b200000, 0x0000000800000000)
  region size 2048K, 18 young (36864K), 3 survivors (6144K)
 Metaspace       used 87235K, committed 87488K, reserved 1179648K
  class space    used 9347K, committed 9472K, reserved 1048576K
}
Event: 7.087 GC heap after
{Heap after GC invocations=36 (full 0):
 garbage-first heap   total 147456K, used 84442K [0x000000070b200000, 0x0000000800000000)
  region size 2048K, 3 young (6144K), 3 survivors (6144K)
 Metaspace       used 87235K, committed 87488K, reserved 1179648K
  class space    used 9347K, committed 9472K, reserved 1048576K
}

